-------------------------------------------------------------------------------------
      name:  <unnamed>
       log:  D:\大三上\中级计量经济学\老师发的\Lab\上机3&4\6.log
  log type:  text
 opened on:  15 Nov 2018, 00:27:26

. clear all

. cd "D:\大三上\中级计量经济学\老师发的\Lab\上机3&4" 
D:\大三上\中级计量经济学\老师发的\Lab\上机3&4

. use Names

. *a
. reg call_back black

      Source |       SS           df       MS      Number of obs   =     4,870
-------------+----------------------------------   F(1, 4868)      =     16.93
       Model |  1.24928131         1  1.24928131   Prob > F        =    0.0000
    Residual |  359.197536     4,868  .073787497   R-squared       =    0.0035
-------------+----------------------------------   Adj R-squared   =    0.0033
       Total |  360.446817     4,869  .074028921   Root MSE        =    .27164

------------------------------------------------------------------------------
   call_back |      Coef.   Std. Err.      t    P>|t|     [95% Conf. Interval]
-------------+----------------------------------------------------------------
       black |  -.0320329    .007785    -4.11   0.000    -.0472949   -.0167708
       _cons |   .0965092   .0055048    17.53   0.000     .0857173    .1073011
------------------------------------------------------------------------------

. /*
> the white call-back is .0965092, the black call-back is .0965092-.0320329
> = .0644763 =6.44763%
> 95% CI is [-.0472949, -.0167708]
> the difference is significant, it's large in a real-world sense.
> */
. *b
. gen febla = female*black

. reg call_back black female febla

      Source |       SS           df       MS      Number of obs   =     4,870
-------------+----------------------------------   F(3, 4866)      =      5.97
       Model |  1.32238511         3  .440795035   Prob > F        =    0.0005
    Residual |  359.124432     4,866  .073802802   R-squared       =    0.0037
-------------+----------------------------------   Adj R-squared   =    0.0031
       Total |  360.446817     4,869  .074028921   Root MSE        =    .27167

------------------------------------------------------------------------------
   call_back |      Coef.   Std. Err.      t    P>|t|     [95% Conf. Interval]
-------------+----------------------------------------------------------------
       black |  -.0304079   .0162106    -1.88   0.061     -.062188    .0013723
      female |   .0102291   .0129627     0.79   0.430    -.0151837    .0356418
       febla |   -.002239   .0184823    -0.12   0.904    -.0384727    .0339946
       _cons |   .0886957   .0113293     7.83   0.000     .0664851    .1109062
------------------------------------------------------------------------------

. *white male .0886957
. *white female  .0989248
. *balck male .0582878
. *black female .0662779
. *different, but not significant
. *c
. gen higbla = high*black

. reg call_back high

      Source |       SS           df       MS      Number of obs   =     4,870
-------------+----------------------------------   F(1, 4868)      =      3.25
       Model |    .2405871         1    .2405871   Prob > F        =    0.0714
    Residual |   360.20623     4,868  .073994706   R-squared       =    0.0007
-------------+----------------------------------   Adj R-squared   =    0.0005
       Total |  360.446817     4,869  .074028921   Root MSE        =    .27202

------------------------------------------------------------------------------
   call_back |      Coef.   Std. Err.      t    P>|t|     [95% Conf. Interval]
-------------+----------------------------------------------------------------
        high |   .0140574    .007796     1.80   0.071    -.0012262    .0293411
       _cons |   .0734323    .005525    13.29   0.000     .0626008    .0842639
------------------------------------------------------------------------------

. dis .0140574+.0734323
.0874897

. reg call_back black high higbla

      Source |       SS           df       MS      Number of obs   =     4,870
-------------+----------------------------------   F(3, 4866)      =      7.17
       Model |   1.5860963         3  .528698768   Prob > F        =    0.0001
    Residual |  358.860721     4,866  .073748607   R-squared       =    0.0044
-------------+----------------------------------   Adj R-squared   =    0.0038
       Total |  360.446817     4,869  .074028921   Root MSE        =    .27157

------------------------------------------------------------------------------
   call_back |      Coef.   Std. Err.      t    P>|t|     [95% Conf. Interval]
-------------+----------------------------------------------------------------
       black |  -.0231023   .0110317    -2.09   0.036    -.0447293   -.0014753
        high |   .0229478   .0110068     2.08   0.037     .0013695    .0445262
      higbla |  -.0177808    .015566    -1.14   0.253    -.0482971    .0127356
       _cons |   .0849835   .0078006    10.89   0.000     .0696909    .1002761
------------------------------------------------------------------------------

. dis .0229478-.0177808-.0231023
-.0179353

. /*
> high-quality get more call-back, .0140574 
> low get .0734323, high is .0874897
> not significant
> for white, .0229478
> for black, .0229478-.0177808 = .005167
> difference in this high-quality/low-quality difference for whites
> versus African Americans is -.0179353, not significant
> */
. *d
. sort black

. by black: sum

-------------------------------------------------------------------------------------
-> black = 0

    Variable |        Obs        Mean    Std. Dev.       Min        Max
-------------+---------------------------------------------------------
      ofjobs |      2,435    3.664476    1.219345          1          7
    yearsexp |      2,435    7.856263    5.079228          1         26
      honors |      2,435    .0542094     .226477          0          1
   volunteer |      2,435    .4086242    .4916805          0          1
    military |      2,435    .0924025    .2896527          0          1
-------------+---------------------------------------------------------
    empholes |      2,435    .4501027    .4976062          0          1
workinschool |      2,435    .5581109    .4967136          0          1
       email |      2,435    .4788501    .4996551          0          1
computersk~s |      2,435    .8086242    .3934649          0          1
specialski~s |      2,435    .3301848    .4703761          0          1
-------------+---------------------------------------------------------
   firstname |          0
   expminreq |          0
         eoe |      2,435    .2911704    .4543952          0          1
     manager |      2,435    .1523614    .3594447          0          1
  supervisor |      2,435    .0772074    .2669751          0          1
-------------+---------------------------------------------------------
   secretary |      2,435    .3326489    .4712587          0          1
  offsupport |      2,435    .1186858    .3234849          0          1
    salesrep |      2,435    .1511294    .3582485          0          1
 retailsales |      2,435    .1679671    .3739139          0          1
         req |      2,435     .787269     .409323          0          1
-------------+---------------------------------------------------------
      expreq |      2,435    .4353183    .4959005          0          1
      comreq |      2,435     .124846    .3306121          0          1
     educreq |      2,435    .1067762    .3088919          0          1
     compreq |      2,435     .436961     .496112          0          1
      orgreq |      2,435    .0726899    .2596802          0          1
-------------+---------------------------------------------------------
       manuf |      2,435    .0829569    .2758737          0          1
    transcom |      2,435    .0303901    .1716936          0          1
    bankreal |      2,435    .0850103    .2789543          0          1
       trade |      2,435     .213963    .4101853          0          1
  busservice |      2,435    .2677618    .4428837          0          1
-------------+---------------------------------------------------------
  othservice |      2,435    .1548255    .3618125          0          1
     missind |      2,435    .1650924    .3713402          0          1
       black |      2,435           0           0          0          0
     chicago |      2,435    .5552361    .4970417          0          1
        high |      2,435    .5022587    .5000976          0          1
-------------+---------------------------------------------------------
      female |      2,435    .7638604    .4247962          0          1
     college |      2,435    .7162218    .4509231          0          1
   call_back |      2,435    .0965092     .295349          0          1
       febla |      2,435           0           0          0          0
      higbla |      2,435           0           0          0          0

-------------------------------------------------------------------------------------
-> black = 1

    Variable |        Obs        Mean    Std. Dev.       Min        Max
-------------+---------------------------------------------------------
      ofjobs |      2,435    3.658316     1.21915          1          7
    yearsexp |      2,435    7.829569    5.010764          1         44
      honors |      2,435    .0513347    .2207248          0          1
   volunteer |      2,435    .4143737    .4927148          0          1
    military |      2,435     .101848    .3025105          0          1
-------------+---------------------------------------------------------
    empholes |      2,435    .4459959    .4971771          0          1
workinschool |      2,435    .5609856    .4963688          0          1
       email |      2,435    .4796715    .4996892          0          1
computersk~s |      2,435    .8324435    .3735487          0          1
specialski~s |      2,435    .3273101    .4693279          0          1
-------------+---------------------------------------------------------
   firstname |          0
   expminreq |          0
         eoe |      2,435    .2911704    .4543952          0          1
     manager |      2,435    .1519507    .3590468          0          1
  supervisor |      2,435    .0772074    .2669751          0          1
-------------+---------------------------------------------------------
   secretary |      2,435    .3330595    .4714044          0          1
  offsupport |      2,435    .1186858    .3234849          0          1
    salesrep |      2,435    .1511294    .3582485          0          1
 retailsales |      2,435    .1679671    .3739139          0          1
         req |      2,435     .787269     .409323          0          1
-------------+---------------------------------------------------------
      expreq |      2,435    .4353183    .4959005          0          1
      comreq |      2,435     .124846    .3306121          0          1
     educreq |      2,435    .1067762    .3088919          0          1
     compreq |      2,435    .4373717    .4961641          0          1
      orgreq |      2,435    .0726899    .2596802          0          1
-------------+---------------------------------------------------------
       manuf |      2,435    .0829569    .2758737          0          1
    transcom |      2,435    .0303901    .1716936          0          1
    bankreal |      2,435    .0850103    .2789543          0          1
       trade |      2,435     .213963    .4101853          0          1
  busservice |      2,435    .2677618    .4428837          0          1
-------------+---------------------------------------------------------
  othservice |      2,435    .1548255    .3618125          0          1
     missind |      2,435    .1650924    .3713402          0          1
       black |      2,435           1           0          1          1
     chicago |      2,435    .5552361    .4970417          0          1
        high |      2,435    .5022587    .5000976          0          1
-------------+---------------------------------------------------------
      female |      2,435     .774538    .4179721          0          1
     college |      2,435    .7227926    .4477117          0          1
   call_back |      2,435    .0644764    .2456501          0          1
       febla |      2,435     .774538    .4179721          0          1
      higbla |      2,435    .5022587    .5000976          0          1


. * There is no evidence of non-random assignment.
. log close
      name:  <unnamed>
       log:  D:\大三上\中级计量经济学\老师发的\Lab\上机3&4\6.log
  log type:  text
 closed on:  15 Nov 2018, 00:27:27
-------------------------------------------------------------------------------------
